<?xml version="1.0" encoding="UTF-8"?>
<testsuite xmlns:xsi="http://www.w3.org/2001/XMLSchema-instance" xsi:noNamespaceSchemaLocation="https://maven.apache.org/surefire/maven-surefire-plugin/xsd/surefire-test-report.xsd" version="3.0.2" name="com.example.fhirconverter.ComplexConversionTest" time="4.435" tests="5" errors="0" skipped="0" failures="0">
  <properties>
[...]
</properties>
  <testcase name="testPatientWithFilters" classname="com.example.fhirconverter.ComplexConversionTest" time="1.33">
    <system-out><![CDATA[02:43:15.945 [main] INFO org.springframework.test.context.support.AnnotationConfigContextLoaderUtils -- Could not detect default configuration classes for test class [com.example.fhirconverter.ComplexConversionTest]: ComplexConversionTest does not declare any static, non-private, non-final, nested classes annotated with @Configuration.
02:43:16.017 [main] INFO org.springframework.boot.test.context.SpringBootTestContextBootstrapper -- Found @SpringBootConfiguration com.example.fhirconverter.FhirConverterApplication for test class com.example.fhirconverter.ComplexConversionTest

  .   ____          _            __ _ _
 /\\ / ___'_ __ _ _(_)_ __  __ _ \ \ \ \
( ( )\___ | '_ | '_| | '_ \/ _` | \ \ \ \
 \\/  ___)| |_)| | | | | || (_| |  ) ) ) )
  '  |____| .__|_| |_|_| |_\__, | / / / /
 =========|_|==============|___/=/_/_/_/

 :: Spring Boot ::                (v3.5.3)

2025-07-19T02:43:16.351-04:00  INFO 41220 --- [fhir-json-converter] [           main] c.e.fhirconverter.ComplexConversionTest  : Starting ComplexConversionTest using Java 22.0.2 with PID 41220 (started by Addison in C:\Users\Addison\Documents\GitHub\Custom-Fhir-Converter)
2025-07-19T02:43:16.352-04:00 DEBUG 41220 --- [fhir-json-converter] [           main] c.e.fhirconverter.ComplexConversionTest  : Running with Spring Boot v3.5.3, Spring v6.2.8
2025-07-19T02:43:16.353-04:00  INFO 41220 --- [fhir-json-converter] [           main] c.e.fhirconverter.ComplexConversionTest  : No active profile set, falling back to 1 default profile: "default"
2025-07-19T02:43:17.411-04:00  INFO 41220 --- [fhir-json-converter] [           main] ca.uhn.fhir.util.VersionUtil             : HAPI FHIR version 8.0.0 - Rev 091beb6d18
2025-07-19T02:43:17.419-04:00  INFO 41220 --- [fhir-json-converter] [           main] ca.uhn.fhir.context.FhirContext          : Creating new FHIR context for FHIR version [R4]
2025-07-19T02:43:17.434-04:00  INFO 41220 --- [fhir-json-converter] [           main] ca.uhn.fhir.validation.FhirValidator     : Ph-schematron library not found on classpath, will not attempt to perform schematron validation
2025-07-19T02:43:18.352-04:00  WARN 41220 --- [fhir-json-converter] [           main] i.m.c.i.b.cache.CaffeineCacheMetrics     : The cache 'templates' is not recording statistics. No meters except 'cache.size' will be registered. Call 'Caffeine#recordStats()' prior to building the cache for metrics to be recorded.
2025-07-19T02:43:18.485-04:00  INFO 41220 --- [fhir-json-converter] [           main] o.s.b.a.e.web.EndpointLinksResolver      : Exposing 3 endpoints beneath base path '/actuator'
2025-07-19T02:43:18.536-04:00  INFO 41220 --- [fhir-json-converter] [           main] c.e.fhirconverter.ComplexConversionTest  : Started ComplexConversionTest in 2.429 seconds (process running for 3.007)
2025-07-19T02:43:19.091-04:00 DEBUG 41220 --- [fhir-json-converter] [           main] c.e.f.service.ConversionService          : Raw rendered JSON from template:
{
  "resourceType": "Patient",
  "id": "c3057d42-6da7-41f9-8c2c-5a9229533ce6",
  "meta": {
    "profile": ["http://hl7.org/fhir/StructureDefinition/Patient"]
  },
  "identifier": [
    
    
    
      
      {"system":"http://hl7.org/fhir/sid/us-ssn","value":"123-45-6789"}
      
    
    
    
      ,
      {"system":"urn:oid:1.2.3.4.5.6.7","value":"MRN001234"}
      
    
    
    
    
    
    
    
  ],
  "active": true,
  "name": [
    
      {"given":["John","Michael","Doe"],"family":"Jr"}
    
  ]
  
  
  
  ,"gender": "male"
  
  
  
  ,"birthDate": "1990-01-15"
  
  
  
  
  
  
  
  
  ,"telecom": [
    
    
      {"system":"phone","use":"home","value":"(555) 123-4567"}
      
    
    
      ,
      {"system":"phone","use":"mobile","value":"(555) 987-6543"}
      
    
    
    
    
      ,
      {
        "system": "email",
        "value": "john.doe@email.com",
        "use": "home"
      }
      
    
    
    
    
    
  ]
  
  
  
  ,"address": [
    
      {"country":"US","city":"Boston","line":["123 Main St"],"postalCode":"02101","state":"MA"}
    
  ]
  
  
  
  
  
  
  
}
2025-07-19T02:43:19.494-04:00 DEBUG 41220 --- [fhir-json-converter] [           main] c.e.f.service.ValidationService          : Validating Patient resource
2025-07-19T02:43:19.845-04:00  INFO 41220 --- [fhir-json-converter] [           main] ca.uhn.fhir.util.XmlUtil                 : Unable to determine StAX implementation: java.xml/META-INF/MANIFEST.MF not found
Generated output: {
  "resourceType": "Patient",
  "id": "c3057d42-6da7-41f9-8c2c-5a9229533ce6",
  "meta": {
    "profile": [ "http://hl7.org/fhir/StructureDefinition/Patient" ]
  },
  "identifier": [ {
    "system": "http://hl7.org/fhir/sid/us-ssn",
    "value": "123-45-6789"
  }, {
    "system": "urn:oid:1.2.3.4.5.6.7",
    "value": "MRN001234"
  } ],
  "active": true,
  "name": [ {
    "family": "Jr",
    "given": [ "John", "Michael", "Doe" ]
  } ],
  "telecom": [ {
    "system": "phone",
    "value": "(555) 123-4567",
    "use": "home"
  }, {
    "system": "phone",
    "value": "(555) 987-6543",
    "use": "mobile"
  }, {
    "system": "email",
    "value": "john.doe@email.com",
    "use": "home"
  } ],
  "gender": "male",
  "birthDate": "1990-01-15",
  "address": [ {
    "line": [ "123 Main St" ],
    "city": "Boston",
    "state": "MA",
    "postalCode": "02101",
    "country": "US"
  } ]
}
]]></system-out>
    <system-err><![CDATA[Mockito is currently self-attaching to enable the inline-mock-maker. This will no longer work in future releases of the JDK. Please add Mockito as an agent to your build as described in Mockito's documentation: https://javadoc.io/doc/org.mockito/mockito-core/latest/org.mockito/org/mockito/Mockito.html#0.3
WARNING: A Java agent has been loaded dynamically (C:\Users\Addison\.m2\repository\net\bytebuddy\byte-buddy-agent\1.17.6\byte-buddy-agent-1.17.6.jar)
WARNING: If a serviceability tool is in use, please run with -XX:+EnableDynamicAgentLoading to hide this warning
WARNING: If a serviceability tool is not in use, please run with -Djdk.instrument.traceUsage for more information
WARNING: Dynamic loading of agents will be disallowed by default in a future release
]]></system-err>
  </testcase>
  <testcase name="testLabResultObservationConversion" classname="com.example.fhirconverter.ComplexConversionTest" time="0.212">
    <system-out><![CDATA[2025-07-19T02:43:19.955-04:00 DEBUG 41220 --- [fhir-json-converter] [           main] c.e.f.service.ConversionService          : Raw rendered JSON from template:
{
  "resourceType": "Observation",
  "id": "a5fb6011-8005-4ee9-8b6d-05bae4537a5a",
  "status": "final"
  
  
  ,"category": [
    
      {
        "coding": [{
          "system": "http://terminology.hl7.org/CodeSystem/observation-category",
          "code": "laboratory"
        }]
      }
    
  ]
  
  ,"code": {
    "coding": [{
      "system": "http://loinc.org",
      "code": "2339-0",
      "display": "Glucose [Mass/volume] in Blood"
    }]
  }
  ,"subject": {
    "reference": "Patient/patient-123"
  }
  
  
  ,"effectiveInstant": "2024-03-15T00:00:00.000Z"
  
  
  
  ,"issued": "2024-03-15T00:00:00.000Z"
  
  
  
  ,"valueQuantity": {
    "value": 95,
    "unit": "mg/dL",
    "system": "http://unitsofmeasure.org",
    "code": "mg/dL"
  }
  
  
  
  ,"referenceRange": [
    
      
        {
          
          "low": {
            "value": 70,
            "unit": "mg/dL",
            "system": "http://unitsofmeasure.org",
            "code": "mg/dL"
          }
          
          ,
          
          "high": {
            "value": 100,
            "unit": "mg/dL",
            "system": "http://unitsofmeasure.org",
            "code": "mg/dL"
          }
          
        },
      
        {
          
          "low": {
            "value": 100,
            "unit": "mg/dL",
            "system": "http://unitsofmeasure.org",
            "code": "mg/dL"
          }
          
          ,
          
          "high": {
            "value": 125,
            "unit": "mg/dL",
            "system": "http://unitsofmeasure.org",
            "code": "mg/dL"
          }
          
        },
      
        {
          
          
          
          "high": {
            "value": 126,
            "unit": "mg/dL",
            "system": "http://unitsofmeasure.org",
            "code": "mg/dL"
          }
          
        }
      
    
  ]
  
  
  
  ,"note": [
    
      {
        "text": "Fasting glucose level"
      }
    
  ]
  
  
  
  
  
  ,"method": {
    "coding": [{
      "system": "http://snomed.info/sct",
      "code": "258026004",
      "display": "Enzyme method"
    }]
  }
  
  
  
  
  
  ,"specimen": {
    "reference": "Specimen/specimen-001"
  }
  
}
2025-07-19T02:43:20.093-04:00 DEBUG 41220 --- [fhir-json-converter] [           main] c.e.f.service.ValidationService          : Validating Observation resource
]]></system-out>
  </testcase>
  <testcase name="testBloodPressureObservationConversion" classname="com.example.fhirconverter.ComplexConversionTest" time="0.016">
    <system-out><![CDATA[2025-07-19T02:43:20.159-04:00 DEBUG 41220 --- [fhir-json-converter] [           main] c.e.f.service.ConversionService          : Raw rendered JSON from template:
{
  "resourceType": "Observation",
  "id": "3fcd21ef-6cc8-4fc1-84dd-8e1b2c15f595",
  "status": "final"
  
  
  ,"category": [
    
      
        {
          "coding": [{
            "system": "http://terminology.hl7.org/CodeSystem/observation-category",
            
            "code": "vital-signs"
            
          }]
        },
      
        {
          "coding": [{
            "system": "http://terminology.hl7.org/CodeSystem/observation-category",
            
            "code": "survey",
            "display": "Survey"
            
          }]
        }
      
    
  ]
  
  ,"code": {
    "coding": [{
      "system": "http://loinc.org",
      "code": "85354-9",
      "display": "Blood pressure panel with all children optional"
    }]
  }
  ,"subject": {
    "reference": "Patient/patient-123"
  }
  
  
  ,"effectiveDateTime": "2024-03-15T00:00:00.000Z"
  
  
  
  
  
  ,"component": [
    
      {
        "code": {
          "coding": [{
            "system": "http://loinc.org",
            "code": "8480-6",
            "display": "Systolic blood pressure"
          }]
        }
        
        ,"valueQuantity": {
          "value": 120,
          "unit": "mmHg",
          "system": "http://unitsofmeasure.org",
          "code": "mm[Hg]"
        }
        
        
        ,"referenceRange": [{
          
          "low": {
            "value": 90,
            "unit": "mmHg",
            "system": "http://unitsofmeasure.org",
            "code": "mm[Hg]"
          }
          
          ,
          
          "high": {
            "value": 140,
            "unit": "mmHg",
            "system": "http://unitsofmeasure.org",
            "code": "mm[Hg]"
          }
          
        }]
        
        
        ,"interpretation": [{
          "coding": [{
            "system": "http://terminology.hl7.org/CodeSystem/v3-ObservationInterpretation",
            "code": "N"
          }]
        }]
        
      },
    
      {
        "code": {
          "coding": [{
            "system": "http://loinc.org",
            "code": "8462-4",
            "display": "Diastolic blood pressure"
          }]
        }
        
        ,"valueQuantity": {
          "value": 80,
          "unit": "mmHg",
          "system": "http://unitsofmeasure.org",
          "code": "mm[Hg]"
        }
        
        
        ,"referenceRange": [{
          
          "low": {
            "value": 60,
            "unit": "mmHg",
            "system": "http://unitsofmeasure.org",
            "code": "mm[Hg]"
          }
          
          ,
          
          "high": {
            "value": 90,
            "unit": "mmHg",
            "system": "http://unitsofmeasure.org",
            "code": "mm[Hg]"
          }
          
        }]
        
        
        ,"interpretation": [{
          "coding": [{
            "system": "http://terminology.hl7.org/CodeSystem/v3-ObservationInterpretation",
            "code": "N"
          }]
        }]
        
      },
    
      {
        "code": {
          "coding": [{
            "system": "http://loinc.org",
            "code": "8478-0",
            "display": "Mean blood pressure"
          }]
        }
        
        ,"valueQuantity": {
          "value": 93,
          "unit": "mmHg",
          "system": "http://unitsofmeasure.org",
          "code": "mm[Hg]"
        }
        
        
        
      }
    
  ]
  
  
  
  
  
  ,"note": [
    
      
        {
          "text": "Patient was sitting during measurement"
          
          ,"authorString": "Nurse Johnson"
          
          
          ,"time": "2024-03-15T00:00:00.000Z"
          
        },
      
        {
          "text": "Used automated blood pressure cuff"
          
          ,"authorString": "Nurse Johnson"
          
          
        }
      
    
  ]
  
  
  
  ,"bodySite": {
    "coding": [{
      "system": "http://snomed.info/sct",
      "code": "368209003",
      "display": "Right arm"
    }]
  }
  
  
  
  ,"method": {
    "coding": [{
      "system": "http://snomed.info/sct",
      "code": "37931006",
      "display": "Auscultation"
    }]
  }
  
  
  
  ,"device": {
    "reference": "Device/device-bp-001"
  }
  
  
  
}
2025-07-19T02:43:20.162-04:00 DEBUG 41220 --- [fhir-json-converter] [           main] c.e.f.service.ValidationService          : Validating Observation resource
]]></system-out>
  </testcase>
  <testcase name="testTransactionBundleConversion" classname="com.example.fhirconverter.ComplexConversionTest" time="0.085">
    <system-out><![CDATA[2025-07-19T02:43:20.192-04:00 DEBUG 41220 --- [fhir-json-converter] [           main] c.e.f.service.ConversionService          : Raw rendered JSON from template:
{
  "resourceType": "Bundle",
  "id": "34d29a07-19f8-4bed-99f7-f87e55325e0d",
  "type": "transaction",
  "timestamp": "2025-07-19T06:43:20.190157200Z"
  
  
  
  ,"entry": [
    
      {
        
        
        "fullUrl": "urn:uuid:patient-new-001",
        
        
        
        "resource": {
          "resourceType": "Patient",
          
          "id": "patient-new-001",
          
          
          "name": [{"given":["Jane","Elizabeth"],"family":"Doe"}],
          
          
          
          "gender": "female",
          
          
          "birthDate": "1985-06-15",
          
          
          "telecom": [{"system":"phone","use":"home","value":"(555) 987-6543"}],
          
          
          "address": [{"country":"US","city":"Seattle","line":["789 Oak Street"],"postalCode":"98101","state":"WA"}]
          
        }
        
        
        
        ,"request": {
          "method": "POST",
          
          "url": "Patient"
          
        }
        
      },
    
      {
        
        
        "fullUrl": "urn:uuid:obs-bp-001",
        
        
        
        "resource": {
          "resourceType": "Observation",
          "status": "final",
          "code": {
            "coding": [{
              "system": "http://loinc.org",
              "code": "85354-9",
              "display": "Blood pressure panel"
            }]
          },
          "subject": {
            "reference": "urn:uuid:patient-new-001"
          }
          
          ,"component": [
            
              {
                "code": {
                  "coding": [{
                    "system": "http://loinc.org",
                    "code": "8480-6",
                    "display": "Systolic blood pressure"
                  }]
                }
                
                ,"valueQuantity": {
                  "value": 130,
                  "unit": "mmHg"
                }
                
              },
            
              {
                "code": {
                  "coding": [{
                    "system": "http://loinc.org",
                    "code": "8462-4",
                    "display": "Diastolic blood pressure"
                  }]
                }
                
                ,"valueQuantity": {
                  "value": 85,
                  "unit": "mmHg"
                }
                
              }
            
          ]
          
        }
        
        
        
        ,"request": {
          "method": "POST",
          
          "url": "Observation"
          
        }
        
      },
    
      {
        
        
        "fullUrl": "urn:uuid:obs-weight-001",
        
        
        
        "resource": {
          "resourceType": "Observation",
          "status": "final",
          "code": {
            "coding": [{
              "system": "http://loinc.org",
              "code": "29463-7",
              "display": "Body weight"
            }]
          },
          "subject": {
            "reference": "urn:uuid:patient-new-001"
          }
          
        }
        
        
        
        ,"request": {
          "method": "POST",
          
          "url": "Observation"
          
        }
        
      },
    
      {
        
        
        "fullUrl": "urn:uuid:encounter-001",
        
        
        
        "resource": {
          "resourceType": "Encounter",
          "status": "finished",
          "class": {
            "system": "http://terminology.hl7.org/CodeSystem/v3-ActCode",
            "code": "AMB"
          },
          "subject": {
            "reference": "urn:uuid:patient-new-001"
          }
        }
        
        
        
        ,"request": {
          "method": "POST",
          
          "url": "Encounter"
          
        }
        
      },
    
      {
        
        
        "fullUrl": "urn:uuid:med-req-001",
        
        
        
        "resource": {
          "resourceType": "MedicationRequest",
          "status": "active",
          "intent": "order",
          "subject": {
            "reference": "urn:uuid:patient-new-001"
          },
          "medicationCodeableConcept": {
            "coding": [{
              "system": "http://snomed.info/sct",
              "code": "387458008",
              "display": "Aspirin 81 MG Oral Tablet"
            }]
          }
        }
        
        
        
        ,"request": {
          "method": "POST",
          
          "url": "MedicationRequest"
          
        }
        
      },
    
      {
        
        
        "fullUrl": "urn:uuid:condition-001",
        
        
        
        "resource": {"resourceType":"Condition","clinicalStatus":{"coding":[{"system":"http://terminology.hl7.org/CodeSystem/condition-clinical","code":"active"}]},"verificationStatus":{"coding":[{"system":"http://terminology.hl7.org/CodeSystem/condition-ver-status","code":"confirmed"}]},"code":{"coding":[{"system":"http://snomed.info/sct","code":"38341003","display":"Hypertension"}]},"subject":{"reference":"urn:uuid:patient-new-001"},"encounter":{"reference":"urn:uuid:encounter-001"},"onsetDateTime":"2024-03-15"}
        
        
        
        ,"request": {
          "method": "POST",
          
          "url": "Condition"
          
        }
        
      }
    
  ]
  
}
]]></system-out>
  </testcase>
  <testcase name="testComplexPatientConversion" classname="com.example.fhirconverter.ComplexConversionTest" time="0.027">
    <system-out><![CDATA[2025-07-19T02:43:20.265-04:00 DEBUG 41220 --- [fhir-json-converter] [           main] c.e.f.service.ConversionService          : Raw rendered JSON from template:
{
  "resourceType": "Patient",
  "id": "f44fb11c-1fca-4c41-9bb4-38195e4729bd",
  "meta": {
    "profile": ["http://hl7.org/fhir/StructureDefinition/Patient"]
  },
  "identifier": [
    
    
    
      
      {"system":"http://hl7.org/fhir/sid/us-ssn","value":"123-45-6789"}
      
    
    
    
      ,
      {"system":"urn:oid:1.2.3.4.5.6.7","value":"MRN001234"}
      
    
    
    
      ,
      {"system":"urn:oid:2.16.840.1.113883.4.3.25","value":"D123456789"}
      
    
    
    
      
        ,
        {
          "system": "http://hospital.example.org/ids",
          "value": "HOSP-12345"
          
          ,"type": {
            "coding": [{
              "system": "http://terminology.hl7.org/CodeSystem/v2-0203",
              "code": "MR",
              "display": "Medical Record Number"
            }]
          }
          
        }
        
      
    
    
    
  ],
  "active": true,
  "name": [
    
      
        {
          "use": "official",
          "family": "Smith",
          "given": ["John","Michael"]
          ,
          "prefix": ["Dr."]
          
          ,
          "suffix": ["Jr.","MD"]
          
          ,
          "period": {
            "start": "2020-01-01"
            
          }
          
        },
      
        {
          "use": "nickname",
          "family": "",
          "given": ["Johnny"]
          
          
          
        }
      
    
  ]
  
  
  
  ,"gender": "male"
  
  
  
  ,"birthDate": "1980-03-15"
  
  
  
  
  ,"deceasedDateTime": "2023-12-31"
  
  
  
  ,"maritalStatus": {
    "coding": [{
      "system": "http://terminology.hl7.org/CodeSystem/v3-MaritalStatus",
      "code": "M",
      "display": "Married"
    }]
  }
  
  
  
  ,"telecom": [
    
    
    
    
      
      {"system":"phone","use":"work","value":"(555) 555-0199"}
      
    
    
      ,
      {
        "system": "fax",
        "value": "555-555-0198",
        "use": "work"
      }
      
    
    
    
    
      
        ,
        
          {"system":"phone","use":"home","value":"(555) 123-4567"}
        
        
      
        ,
        
          {"system":"phone","use":"mobile","value":"(555) 987-6543"}
        
        
      
    
    
    
      
        ,
        {
          "system": "email",
          
          "value": "john.smith@email.com",
          "use": "home"
          
        }
        
      
        ,
        {
          "system": "email",
          
          "value": "dr.smith@hospital.org",
          "use": "work"
          
        }
        
      
    
  ]
  
  
  
  ,"address": [
    
      
        {
          "use": "home",
          "type": "physical",
          
          "line": ["123 Main Street","Apt 4B"],
          
          "city": "Boston",
          "state": "MA",
          "postalCode": "02101",
          "country": "US"
          ,
          "period": {
            "start": "2020-01-01"
            
          }
          
        },
      
        {
          "use": "work",
          
          
          "line": ["456 Hospital Drive"],
          
          "city": "Cambridge",
          "state": "MA",
          "postalCode": "02139",
          "country": "US"
          
        }
      
    
  ]
  
  
  
  ,"contact": [
    
    
    
      
        
        {
          
          "relationship": [{
            "coding": [{
              "system": "http://terminology.hl7.org/CodeSystem/v2-0131",
              "code": "C",
              "display": "Emergency Contact"
            }]
          }],
          
          "name": {
            
              
              "family": "Smith",
              "given": ["Jane","Marie"]
            
          }
          
          ,"telecom": [
            
            
              {"system":"phone","use":"home","value":"(555) 123-9999"}
              
            
            
              ,
              {
                "system": "email",
                "value": "jane.smith@email.com"
              }
            
          ]
          
        }
        
      
        ,
        {
          
          "relationship": [{
            "coding": [{
              "system": "http://terminology.hl7.org/CodeSystem/v2-0131",
              "code": "N",
              "display": "Next of Kin"
            }]
          }],
          
          "name": {
            
              "text": "Robert Smith"
            
          }
          
          ,"telecom": [
            
            
              {"system":"phone","use":"home","value":"(555) 456-7890"}
              
            
            
          ]
          
        }
        
      
    
  ]
  
  
  
  ,"communication": [
    
    
      {
        "language": {
          "coding": [{
            "system": "urn:ietf:bcp:47",
            "code": "en",
            "display": "English"
          }]
        },
        "preferred": true
      }
      
    
    
      
        ,
        {
          "language": {
            "coding": [{
              "system": "urn:ietf:bcp:47",
              "code": "es",
              "display": "Spanish"
            }]
          }
          
        }
        
      
    
  ]
  
  
  
  ,"extension": [
    
    
      {
        "url": "http://hl7.org/fhir/us/core/StructureDefinition/us-core-race",
        "extension": [
          {
            "url": "ombCategory",
            "valueCoding": {
              "system": "urn:oid:2.16.840.1.113883.6.238",
              "code": "2106-3",
              "display": "White"
            }
          },
          {
            "url": "text",
            "valueString": "White"
          }
        ]
      }
      
    
    
      ,
      {
        "url": "http://hl7.org/fhir/us/core/StructureDefinition/us-core-ethnicity",
        "extension": [
          {
            "url": "ombCategory",
            "valueCoding": {
              "system": "urn:oid:2.16.840.1.113883.6.238",
              "code": "2186-5",
              "display": "Not Hispanic or Latino"
            }
          },
          {
            "url": "text",
            "valueString": "Not Hispanic or Latino"
          }
        ]
      }
      
    
    
      ,
      {
        "url": "http://hl7.org/fhir/us/core/StructureDefinition/us-core-birthsex",
        "valueCode": "male"
      }
    
  ]
  
}
2025-07-19T02:43:20.269-04:00  WARN 41220 --- [fhir-json-converter] [           main] ca.uhn.fhir.parser.LenientErrorHandler   : [element="family"] Invalid attribute value "": Attribute value must not be empty ("")
2025-07-19T02:43:20.276-04:00 DEBUG 41220 --- [fhir-json-converter] [           main] c.e.f.service.ValidationService          : Validating Patient resource
]]></system-out>
  </testcase>
</testsuite>