<?xml version="1.0" encoding="UTF-8"?>
<testsuite xmlns:xsi="http://www.w3.org/2001/XMLSchema-instance" xsi:noNamespaceSchemaLocation="https://maven.apache.org/surefire/maven-surefire-plugin/xsd/surefire-test-report.xsd" version="3.0.2" name="com.example.fhirconverter.ConversionControllerTest" time="4.144" tests="1" errors="0" skipped="0" failures="0">
  <properties>
[...]
</properties>
  <testcase name="testPatientConversion" classname="com.example.fhirconverter.ConversionControllerTest" time="1.298">
    <system-out><![CDATA[18:09:20.965 [main] INFO org.springframework.test.context.support.AnnotationConfigContextLoaderUtils -- Could not detect default configuration classes for test class [com.example.fhirconverter.ConversionControllerTest]: ConversionControllerTest does not declare any static, non-private, non-final, nested classes annotated with @Configuration.
18:09:21.043 [main] INFO org.springframework.boot.test.context.SpringBootTestContextBootstrapper -- Found @SpringBootConfiguration com.example.fhirconverter.FhirConverterApplication for test class com.example.fhirconverter.ConversionControllerTest

  .   ____          _            __ _ _
 /\\ / ___'_ __ _ _(_)_ __  __ _ \ \ \ \
( ( )\___ | '_ | '_| | '_ \/ _` | \ \ \ \
 \\/  ___)| |_)| | | | | || (_| |  ) ) ) )
  '  |____| .__|_| |_|_| |_\__, | / / / /
 =========|_|==============|___/=/_/_/_/

 :: Spring Boot ::                (v3.5.3)

2025-07-18T18:09:21.398-04:00  INFO 3344 --- [fhir-json-converter] [           main] c.e.f.ConversionControllerTest           : Starting ConversionControllerTest using Java 22.0.2 with PID 3344 (started by Addison in C:\Users\Addison\Documents\GitHub\Custom-Fhir-Converter)
2025-07-18T18:09:21.398-04:00 DEBUG 3344 --- [fhir-json-converter] [           main] c.e.f.ConversionControllerTest           : Running with Spring Boot v3.5.3, Spring v6.2.8
2025-07-18T18:09:21.399-04:00  INFO 3344 --- [fhir-json-converter] [           main] c.e.f.ConversionControllerTest           : No active profile set, falling back to 1 default profile: "default"
2025-07-18T18:09:22.506-04:00  INFO 3344 --- [fhir-json-converter] [           main] ca.uhn.fhir.util.VersionUtil             : HAPI FHIR version 8.0.0 - Rev 091beb6d18
2025-07-18T18:09:22.511-04:00  INFO 3344 --- [fhir-json-converter] [           main] ca.uhn.fhir.context.FhirContext          : Creating new FHIR context for FHIR version [R4]
2025-07-18T18:09:22.519-04:00  INFO 3344 --- [fhir-json-converter] [           main] ca.uhn.fhir.validation.FhirValidator     : Ph-schematron library not found on classpath, will not attempt to perform schematron validation
2025-07-18T18:09:23.464-04:00  WARN 3344 --- [fhir-json-converter] [           main] i.m.c.i.b.cache.CaffeineCacheMetrics     : The cache 'templates' is not recording statistics. No meters except 'cache.size' will be registered. Call 'Caffeine#recordStats()' prior to building the cache for metrics to be recorded.
2025-07-18T18:09:23.573-04:00  INFO 3344 --- [fhir-json-converter] [           main] o.s.b.t.m.w.SpringBootMockServletContext : Initializing Spring TestDispatcherServlet ''
2025-07-18T18:09:23.574-04:00  INFO 3344 --- [fhir-json-converter] [           main] o.s.t.web.servlet.TestDispatcherServlet  : Initializing Servlet ''
2025-07-18T18:09:23.579-04:00  INFO 3344 --- [fhir-json-converter] [           main] o.s.b.a.e.web.EndpointLinksResolver      : Exposing 3 endpoints beneath base path '/actuator'
2025-07-18T18:09:23.590-04:00  INFO 3344 --- [fhir-json-converter] [           main] o.s.t.web.servlet.TestDispatcherServlet  : Completed initialization in 14 ms
2025-07-18T18:09:23.661-04:00  INFO 3344 --- [fhir-json-converter] [           main] c.e.f.ConversionControllerTest           : Started ConversionControllerTest in 2.522 seconds (process running for 3.106)
2025-07-18T18:09:24.164-04:00  INFO 3344 --- [fhir-json-converter] [           main] c.e.f.controller.ConversionController    : Converting Patient resource
2025-07-18T18:09:24.541-04:00 DEBUG 3344 --- [fhir-json-converter] [           main] c.e.f.service.ValidationService          : Validating Patient resource
2025-07-18T18:09:24.887-04:00  INFO 3344 --- [fhir-json-converter] [           main] ca.uhn.fhir.util.XmlUtil                 : Unable to determine StAX implementation: java.xml/META-INF/MANIFEST.MF not found
]]></system-out>
    <system-err><![CDATA[Mockito is currently self-attaching to enable the inline-mock-maker. This will no longer work in future releases of the JDK. Please add Mockito as an agent to your build as described in Mockito's documentation: https://javadoc.io/doc/org.mockito/mockito-core/latest/org.mockito/org/mockito/Mockito.html#0.3
WARNING: A Java agent has been loaded dynamically (C:\Users\Addison\.m2\repository\net\bytebuddy\byte-buddy-agent\1.17.6\byte-buddy-agent-1.17.6.jar)
WARNING: If a serviceability tool is in use, please run with -XX:+EnableDynamicAgentLoading to hide this warning
WARNING: If a serviceability tool is not in use, please run with -Djdk.instrument.traceUsage for more information
WARNING: Dynamic loading of agents will be disallowed by default in a future release
]]></system-err>
  </testcase>
</testsuite>